Logfile initialized
[INFO] logfile = /Users/Creo/Documents/Titanium_Studio_Workspace/BTZumryTest/build.log
[DEBUG] /Users/Creo/Library/Application Support/Titanium/mobilesdk/osx/3.1.2.GA/android/builder.py install BTZumryTest /Users/Creo/Documents/Android_Sdk_2/sdk /Users/Creo/Documents/Titanium_Studio_Workspace/BTZumryTest com.zumry.info 4
[INFO] Titanium SDK version: 3.1.2 (08/14/13 12:45 5ceaff8)
[DEBUG] Waiting for device to be ready ...
[TRACE] adb devices returned 1 devices/emulators
[DEBUG] Device connected... (waited 0 seconds)
[DEBUG] waited 0.019509 seconds on emulator to get ready
[DEBUG] com.zumry.info installed? False
[INFO] Copying CommonJS modules...
[INFO] Copying project resources..
[INFO] Detected change in tiapp.xml, or assets deleted. Forcing full re-build...
[TRACE] COPYING CREATED FILE: /Users/Creo/Documents/Titanium_Studio_Workspace/BTZumryTest/Resources/android/appicon.png => /Users/Creo/Documents/Titanium_Studio_Workspace/BTZumryTest/build/android/bin/assets/Resources/appicon.png
[TRACE] COPYING CREATED FILE: /Users/Creo/Documents/Titanium_Studio_Workspace/BTZumryTest/Resources/android/default.png => /Users/Creo/Documents/Titanium_Studio_Workspace/BTZumryTest/build/android/bin/assets/Resources/default.png
[TRACE] COPYING CREATED FILE: /Users/Creo/Documents/Titanium_Studio_Workspace/BTZumryTest/Resources/app.js => /Users/Creo/Documents/Titanium_Studio_Workspace/BTZumryTest/build/android/bin/assets/Resources/app.js
[TRACE] COPYING CREATED FILE: /Users/Creo/Documents/Titanium_Studio_Workspace/BTZumryTest/Resources/KS_nav_ui.png => /Users/Creo/Documents/Titanium_Studio_Workspace/BTZumryTest/build/android/bin/assets/Resources/KS_nav_ui.png
[TRACE] COPYING CREATED FILE: /Users/Creo/Documents/Titanium_Studio_Workspace/BTZumryTest/Resources/KS_nav_views.png => /Users/Creo/Documents/Titanium_Studio_Workspace/BTZumryTest/build/android/bin/assets/Resources/KS_nav_views.png
[TRACE] COPYING CREATED FILE: /Users/Creo/Documents/Titanium_Studio_Workspace/BTZumryTest/Resources/ui/common/FirstView.js => /Users/Creo/Documents/Titanium_Studio_Workspace/BTZumryTest/build/android/bin/assets/Resources/ui/common/FirstView.js
[TRACE] COPYING CREATED FILE: /Users/Creo/Documents/Titanium_Studio_Workspace/BTZumryTest/Resources/ui/handheld/android/ApplicationWindow.js => /Users/Creo/Documents/Titanium_Studio_Workspace/BTZumryTest/build/android/bin/assets/Resources/ui/handheld/android/ApplicationWindow.js
[TRACE] COPYING CREATED FILE: /Users/Creo/Documents/Titanium_Studio_Workspace/BTZumryTest/Resources/ui/handheld/ApplicationWindow.js => /Users/Creo/Documents/Titanium_Studio_Workspace/BTZumryTest/build/android/bin/assets/Resources/ui/handheld/ApplicationWindow.js
[TRACE] COPYING CREATED FILE: /Users/Creo/Documents/Titanium_Studio_Workspace/BTZumryTest/Resources/ui/tablet/ApplicationWindow.js => /Users/Creo/Documents/Titanium_Studio_Workspace/BTZumryTest/build/android/bin/assets/Resources/ui/tablet/ApplicationWindow.js
[DEBUG] LiveView not enabled
[TRACE] Generating Java Classes
[DEBUG] Processing Android resource drawables
[DEBUG] app stylesheet => /Users/Creo/Documents/Titanium_Studio_Workspace/BTZumryTest/build/android/gen/com/zumry/info/ApplicationStylesheet.java
[DEBUG] copying app icon: /Users/Creo/Documents/Titanium_Studio_Workspace/BTZumryTest/build/android/bin/assets/Resources/appicon.png
[DEBUG] generating theme.xml
[DEBUG] found drawable-long-land-hdpi splash screen at /Users/Creo/Documents/Titanium_Studio_Workspace/BTZumryTest/Resources/android/images/res-long-land-hdpi/default.png
[DEBUG] copying /Users/Creo/Documents/Titanium_Studio_Workspace/BTZumryTest/Resources/android/images/res-long-land-hdpi/default.png splash screen to /Users/Creo/Documents/Titanium_Studio_Workspace/BTZumryTest/build/android/res/drawable-long-land-hdpi/background.png
[DEBUG] found drawable-long-land-ldpi splash screen at /Users/Creo/Documents/Titanium_Studio_Workspace/BTZumryTest/Resources/android/images/res-long-land-ldpi/default.png
[DEBUG] copying /Users/Creo/Documents/Titanium_Studio_Workspace/BTZumryTest/Resources/android/images/res-long-land-ldpi/default.png splash screen to /Users/Creo/Documents/Titanium_Studio_Workspace/BTZumryTest/build/android/res/drawable-long-land-ldpi/background.png
[DEBUG] found drawable-long-port-hdpi splash screen at /Users/Creo/Documents/Titanium_Studio_Workspace/BTZumryTest/Resources/android/images/res-long-port-hdpi/default.png
[DEBUG] copying /Users/Creo/Documents/Titanium_Studio_Workspace/BTZumryTest/Resources/android/images/res-long-port-hdpi/default.png splash screen to /Users/Creo/Documents/Titanium_Studio_Workspace/BTZumryTest/build/android/res/drawable-long-port-hdpi/background.png
[DEBUG] found drawable-long-port-ldpi splash screen at /Users/Creo/Documents/Titanium_Studio_Workspace/BTZumryTest/Resources/android/images/res-long-port-ldpi/default.png
[DEBUG] copying /Users/Creo/Documents/Titanium_Studio_Workspace/BTZumryTest/Resources/android/images/res-long-port-ldpi/default.png splash screen to /Users/Creo/Documents/Titanium_Studio_Workspace/BTZumryTest/build/android/res/drawable-long-port-ldpi/background.png
[DEBUG] found drawable-notlong-land-hdpi splash screen at /Users/Creo/Documents/Titanium_Studio_Workspace/BTZumryTest/Resources/android/images/res-notlong-land-hdpi/default.png
[DEBUG] copying /Users/Creo/Documents/Titanium_Studio_Workspace/BTZumryTest/Resources/android/images/res-notlong-land-hdpi/default.png splash screen to /Users/Creo/Documents/Titanium_Studio_Workspace/BTZumryTest/build/android/res/drawable-notlong-land-hdpi/background.png
[DEBUG] found drawable-notlong-land-ldpi splash screen at /Users/Creo/Documents/Titanium_Studio_Workspace/BTZumryTest/Resources/android/images/res-notlong-land-ldpi/default.png
[DEBUG] copying /Users/Creo/Documents/Titanium_Studio_Workspace/BTZumryTest/Resources/android/images/res-notlong-land-ldpi/default.png splash screen to /Users/Creo/Documents/Titanium_Studio_Workspace/BTZumryTest/build/android/res/drawable-notlong-land-ldpi/background.png
[DEBUG] found drawable-notlong-land-mdpi splash screen at /Users/Creo/Documents/Titanium_Studio_Workspace/BTZumryTest/Resources/android/images/res-notlong-land-mdpi/default.png
[DEBUG] copying /Users/Creo/Documents/Titanium_Studio_Workspace/BTZumryTest/Resources/android/images/res-notlong-land-mdpi/default.png splash screen to /Users/Creo/Documents/Titanium_Studio_Workspace/BTZumryTest/build/android/res/drawable-notlong-land-mdpi/background.png
[DEBUG] found drawable-notlong-port-hdpi splash screen at /Users/Creo/Documents/Titanium_Studio_Workspace/BTZumryTest/Resources/android/images/res-notlong-port-hdpi/default.png
[DEBUG] copying /Users/Creo/Documents/Titanium_Studio_Workspace/BTZumryTest/Resources/android/images/res-notlong-port-hdpi/default.png splash screen to /Users/Creo/Documents/Titanium_Studio_Workspace/BTZumryTest/build/android/res/drawable-notlong-port-hdpi/background.png
[DEBUG] found drawable-notlong-port-ldpi splash screen at /Users/Creo/Documents/Titanium_Studio_Workspace/BTZumryTest/Resources/android/images/res-notlong-port-ldpi/default.png
[DEBUG] copying /Users/Creo/Documents/Titanium_Studio_Workspace/BTZumryTest/Resources/android/images/res-notlong-port-ldpi/default.png splash screen to /Users/Creo/Documents/Titanium_Studio_Workspace/BTZumryTest/build/android/res/drawable-notlong-port-ldpi/background.png
[DEBUG] found drawable-notlong-port-mdpi splash screen at /Users/Creo/Documents/Titanium_Studio_Workspace/BTZumryTest/Resources/android/images/res-notlong-port-mdpi/default.png
[DEBUG] copying /Users/Creo/Documents/Titanium_Studio_Workspace/BTZumryTest/Resources/android/images/res-notlong-port-mdpi/default.png splash screen to /Users/Creo/Documents/Titanium_Studio_Workspace/BTZumryTest/build/android/res/drawable-notlong-port-mdpi/background.png
[DEBUG] found splash screen at /Users/Creo/Documents/Titanium_Studio_Workspace/BTZumryTest/build/android/bin/assets/Resources/default.png
[TRACE] Writing out AndroidManifest.xml
[DEBUG] adding /Users/Creo/Documents/Titanium_Studio_Workspace/BTZumryTest/build/android/gen/com/zumry/info/ApplicationStylesheet.java to javac build list
[DEBUG] adding /Users/Creo/Documents/Titanium_Studio_Workspace/BTZumryTest/build/android/gen/com/zumry/info/BtzumrytestActivity.java to javac build list
[DEBUG] adding /Users/Creo/Documents/Titanium_Studio_Workspace/BTZumryTest/build/android/gen/com/zumry/info/BtzumrytestAppInfo.java to javac build list
[DEBUG] adding /Users/Creo/Documents/Titanium_Studio_Workspace/BTZumryTest/build/android/gen/com/zumry/info/BtzumrytestApplication.java to javac build list
[DEBUG] adding /Users/Creo/Documents/Titanium_Studio_Workspace/BTZumryTest/build/android/gen/com/zumry/info/R.java to javac build list
[DEBUG] Building Java Sources: "/Users/Creo/Documents/Titanium_Studio_Workspace/BTZumryTest/build/android/gen/com/zumry/info/ApplicationStylesheet.java" "/Users/Creo/Documents/Titanium_Studio_Workspace/BTZumryTest/build/android/gen/com/zumry/info/BtzumrytestActivity.java" "/Users/Creo/Documents/Titanium_Studio_Workspace/BTZumryTest/build/android/gen/com/zumry/info/BtzumrytestAppInfo.java" "/Users/Creo/Documents/Titanium_Studio_Workspace/BTZumryTest/build/android/gen/com/zumry/info/BtzumrytestApplication.java" "/Users/Creo/Documents/Titanium_Studio_Workspace/BTZumryTest/build/android/gen/com/zumry/info/R.java"
[INFO] Compiling Android Resources... This could take some time
[DEBUG] Android classes.dex built
[DEBUG] creating unsigned apk: /Users/Creo/Documents/Titanium_Studio_Workspace/BTZumryTest/build/android/bin/app-unsigned.apk
[DEBUG] from resource zip => assets/Resources/ui/common/FirstView.js
[DEBUG] from resource zip => assets/Resources/ui/handheld/android/ApplicationWindow.js
[DEBUG] from resource zip => assets/Resources/ui/handheld/ApplicationWindow.js
[DEBUG] from resource zip => assets/Resources/ui/tablet/ApplicationWindow.js
[DEBUG] from resource zip => assets/Resources/KS_nav_ui.png
[DEBUG] from resource zip => assets/Resources/KS_nav_views.png
[DEBUG] from resource zip => assets/Resources/app.js
[DEBUG] from resource zip => assets/Resources/appicon.png
[DEBUG] from resource zip => assets/Resources/default.png
[DEBUG] from resource zip => assets/app.json
[DEBUG] from resource zip => assets/index.json
[DEBUG] from resource zip => res/drawable/appicon.png
[DEBUG] from resource zip => res/drawable/background.png
[DEBUG] from resource zip => res/drawable/btn_check_buttonless_on_64.png
[DEBUG] from resource zip => res/drawable/btn_more_64.png
[DEBUG] from resource zip => res/drawable/disclosure_64.png
[DEBUG] from resource zip => res/layout/titanium_tabgroup.xml
[DEBUG] from resource zip => res/layout/titanium_ui_list_header_or_footer.xml
[DEBUG] from resource zip => res/layout/titanium_ui_list_item.xml
[DEBUG] from resource zip => AndroidManifest.xml
[DEBUG] from resource zip => resources.arsc
[DEBUG] from resource zip => res/drawable-long-land-hdpi/background.png
[DEBUG] from resource zip => res/drawable-long-land-ldpi/background.png
[DEBUG] from resource zip => res/drawable-long-port-hdpi/background.png
[DEBUG] from resource zip => res/drawable-long-port-ldpi/background.png
[DEBUG] from resource zip => res/drawable-notlong-land-hdpi/background.png
[DEBUG] from resource zip => res/drawable-notlong-land-ldpi/background.png
[DEBUG] from resource zip => res/drawable-notlong-land-mdpi/background.png
[DEBUG] from resource zip => res/drawable-notlong-port-hdpi/background.png
[DEBUG] from resource zip => res/drawable-notlong-port-ldpi/background.png
[DEBUG] from resource zip => res/drawable-notlong-port-mdpi/background.png
[DEBUG] from JAR /Users/Creo/Library/Application Support/Titanium/mobilesdk/osx/3.1.2.GA/android/modules/titanium-ui.jar => ti/modules/titanium/ui/widget/webview/binding.js
[DEBUG] from JAR /Users/Creo/Library/Application Support/Titanium/mobilesdk/osx/3.1.2.GA/android/modules/titanium-ui.jar => ti/modules/titanium/ui/widget/webview/binding.min.js
[DEBUG] from JAR /Users/Creo/Library/Application Support/Titanium/mobilesdk/osx/3.1.2.GA/android/modules/titanium-ui.jar => ti/modules/titanium/ui/widget/webview/json2.js
[DEBUG] from JAR /Users/Creo/Library/Application Support/Titanium/mobilesdk/osx/3.1.2.GA/android/modules/titanium-ui.jar => ti/modules/titanium/ui/widget/webview/polling.js
[DEBUG] from JAR /Users/Creo/Library/Application Support/Titanium/mobilesdk/osx/3.1.2.GA/android/modules/titanium-ui.jar => ti/modules/titanium/ui/widget/webview/polling.min.js
[DEBUG] from JAR /Users/Creo/Library/Application Support/Titanium/mobilesdk/osx/3.1.2.GA/android/titanium.jar => org/appcelerator/titanium/build.properties
[DEBUG] from JAR /Users/Creo/Library/Application Support/Titanium/mobilesdk/osx/3.1.2.GA/android/titanium.jar => org/appcelerator/titanium/res/drawable/background.png
[DEBUG] from JAR /Users/Creo/Library/Application Support/Titanium/mobilesdk/osx/3.1.2.GA/android/titanium.jar => org/appcelerator/titanium/res/drawable/btn_check_buttonless_on.png
[DEBUG] from JAR /Users/Creo/Library/Application Support/Titanium/mobilesdk/osx/3.1.2.GA/android/titanium.jar => org/appcelerator/titanium/res/drawable/btn_check_buttonless_on_18.png
[DEBUG] from JAR /Users/Creo/Library/Application Support/Titanium/mobilesdk/osx/3.1.2.GA/android/titanium.jar => org/appcelerator/titanium/res/drawable/btn_check_buttonless_on_48.png
[DEBUG] from JAR /Users/Creo/Library/Application Support/Titanium/mobilesdk/osx/3.1.2.GA/android/titanium.jar => org/appcelerator/titanium/res/drawable/btn_check_buttonless_on_64.png
[DEBUG] from JAR /Users/Creo/Library/Application Support/Titanium/mobilesdk/osx/3.1.2.GA/android/titanium.jar => org/appcelerator/titanium/res/drawable/btn_more.png
[DEBUG] from JAR /Users/Creo/Library/Application Support/Titanium/mobilesdk/osx/3.1.2.GA/android/titanium.jar => org/appcelerator/titanium/res/drawable/btn_more_18.png
[DEBUG] from JAR /Users/Creo/Library/Application Support/Titanium/mobilesdk/osx/3.1.2.GA/android/titanium.jar => org/appcelerator/titanium/res/drawable/btn_more_48.png
[DEBUG] from JAR /Users/Creo/Library/Application Support/Titanium/mobilesdk/osx/3.1.2.GA/android/titanium.jar => org/appcelerator/titanium/res/drawable/btn_more_64.png
[DEBUG] from JAR /Users/Creo/Library/Application Support/Titanium/mobilesdk/osx/3.1.2.GA/android/titanium.jar => org/appcelerator/titanium/res/drawable/btn_picker_normal.9.png
[DEBUG] from JAR /Users/Creo/Library/Application Support/Titanium/mobilesdk/osx/3.1.2.GA/android/titanium.jar => org/appcelerator/titanium/res/drawable/btn_picker_pressed.9.png
[DEBUG] from JAR /Users/Creo/Library/Application Support/Titanium/mobilesdk/osx/3.1.2.GA/android/titanium.jar => org/appcelerator/titanium/res/drawable/btn_picker_selected.9.png
[DEBUG] from JAR /Users/Creo/Library/Application Support/Titanium/mobilesdk/osx/3.1.2.GA/android/titanium.jar => org/appcelerator/titanium/res/drawable/default_icon.png
[DEBUG] from JAR /Users/Creo/Library/Application Support/Titanium/mobilesdk/osx/3.1.2.GA/android/titanium.jar => org/appcelerator/titanium/res/drawable/photoDefault.png
[DEBUG] installing native lib: /Users/Creo/Documents/Titanium_Studio_Workspace/BTZumryTest/modules/android/com.bleutooth.zumry/0.1/libs/armeabi/libcom.bleutooth.zumry.so
[DEBUG] installing native lib: /Users/Creo/Documents/Titanium_Studio_Workspace/BTZumryTest/modules/android/com.bleutooth.zumry/0.1/libs/armeabi-v7a/libcom.bleutooth.zumry.so
[DEBUG] installing native lib: /Users/Creo/Documents/Titanium_Studio_Workspace/BTZumryTest/modules/android/com.bleutooth.zumry/0.1/libs/x86/libcom.bleutooth.zumry.so
[DEBUG] installing native SDK libs
[DEBUG] Waiting for device to be ready ...
[TRACE] adb devices returned 1 devices/emulators
[DEBUG] Device connected... (waited 0 seconds)
[DEBUG] waited 0.017101 seconds on emulator to get ready
[INFO] Installing application on device
[INFO] Application installed. Launch from drawer on Home Screen
